<?xml version="1.0" encoding="UTF-8"?>
<!-- Generated by org.testng.reporters.JUnitReportReporter -->
<testsuite skipped="0" hostname="YP1002465LT" name="testcase.ParallelMethodTest" tests="2" failures="0" timestamp="23 Aug 2018 11:19:42 GMT" time="0.025" errors="0">
  <testcase name="testMethodsTwo" time="0.016" classname="testcase.ParallelMethodTest"/>
  <testcase name="testMethodsOne" time="0.009" classname="testcase.ParallelMethodTest"/>
</testsuite> <!-- testcase.ParallelMethodTest -->
